<?xml version="1.0" encoding="UTF-8"?>
<!-- Generated by org.testng.reporters.JUnitXMLReporter -->
<testsuite hostname="NISL-TEST4" ignored="0" name="BankingApp Test" tests="2" failures="0" timestamp="05 Jan 2022 07:08:11 GMT" time="24.299" errors="0">
  <testcase name="loginTest" time="1.084" classname="com.inetbanking.testCases.TC_LoginTest_001"/>
  <testcase name="addNewCustomer" time="11.842" classname="com.inetbanking.testCases.TC_AddCustomerTest_003"/>
</testsuite> <!-- BankingApp Test -->
