<?xml version="1.0" encoding="UTF-8"?>
<!-- Generated by org.testng.reporters.JUnitXMLReporter -->
<testsuite hostname="NISL-TEST4" ignored="0" name="BankingApp Test" tests="2" failures="0" timestamp="20 Jan 2022 04:03:27 GMT" time="32.038" errors="0">
  <testcase name="loginTest" time="1.358" classname="com.inetbanking.testCases.TC_LoginTest_001"/>
  <testcase name="addNewCustomer" time="11.847" classname="com.inetbanking.testCases.TC_AddCustomerTest_003"/>
</testsuite> <!-- BankingApp Test -->
