<?xml version="1.0" encoding="UTF-8"?>
<!-- Generated by org.testng.reporters.JUnitXMLReporter -->
<testsuite ignored="0" hostname="NISL-TEST4" failures="0" tests="2" name="BankingApp Test(failed)(failed)" time="22.931" errors="0" timestamp="04 Jan 2022 05:28:00 GMT">
  <testcase classname="com.inetbanking.testCases.TC_AddCustomerTest_003" name="addNewCustomer" time="11.278"/>
  <testcase classname="com.inetbanking.testCases.TC_LoginTest_001" name="loginTest" time="1.144"/>
</testsuite> <!-- BankingApp Test(failed)(failed) -->
